[35m[1mScanning dependencies of target _intro_tutorial_generate_messages_check_deps_robotservice[0m
[  0%] Built target std_msgs_generate_messages_cpp
[  0%] Built target _intro_tutorial_generate_messages_check_deps_msg1
[  0%] Built target _intro_tutorial_generate_messages_check_deps_srv1
[  0%] Built target std_msgs_generate_messages_lisp
[  0%] Built target _intro_tutorial_generate_messages_check_deps_robotservice
[  0%] Built target std_msgs_generate_messages_py
[  0%] Built target std_msgs_generate_messages_eus
[  0%] Built target std_msgs_generate_messages_nodejs
[  3%] [34m[1mGenerating C++ code from intro_tutorial/robotservice.srv[0m
[  6%] [34m[1mGenerating Lisp code from intro_tutorial/robotservice.srv[0m
[ 10%] [34m[1mGenerating Python code from SRV intro_tutorial/robotservice[0m
[ 13%] [34m[1mGenerating EusLisp code from intro_tutorial/robotservice.srv[0m
[ 20%] Built target intro_tutorial_generate_messages_lisp
[ 30%] Built target intro_tutorial_generate_messages_eus
[ 33%] [34m[1mGenerating Javascript code from intro_tutorial/robotservice.srv[0m
[ 40%] Built target intro_tutorial_generate_messages_cpp
[ 43%] [34m[1mGenerating Python msg __init__.py for intro_tutorial[0m
[ 50%] Built target intro_tutorial_generate_messages_nodejs
[ 60%] Built target listener
[ 63%] Built target example3_a
[35m[1mScanning dependencies of target robot[0m
[35m[1mScanning dependencies of target station[0m
[ 70%] Built target example3_b
[ 76%] [32mBuilding CXX object CMakeFiles/robot.dir/src/robot.cpp.o[0m
[ 76%] [32mBuilding CXX object CMakeFiles/station.dir/src/station.cpp.o[0m
[ 83%] Built target talker
[ 86%] [34m[1mGenerating Python srv __init__.py for intro_tutorial[0m
[ 93%] Built target intro_tutorial_generate_messages_py
[ 93%] Built target intro_tutorial_generate_messages
[01m[K/home/local/degmat87367/Desktop/ROS-LAB/lab1/catkin_ws/src/intro_tutorial/src/robot.cpp:3:10:[m[K [01;31m[Kfatal error: [m[Kstd_msgs/Header: No such file or directory
    3 | #include [01;31m[K"std_msgs/Header"[m[K
      |          [01;31m[K^~~~~~~~~~~~~~~~~[m[K
compilation terminated.
make[2]: *** [CMakeFiles/robot.dir/build.make:63: CMakeFiles/robot.dir/src/robot.cpp.o] Error 1
make[1]: *** [CMakeFiles/Makefile2:618: CMakeFiles/robot.dir/all] Error 2
make[1]: *** Waiting for unfinished jobs....
[01m[K/home/local/degmat87367/Desktop/ROS-LAB/lab1/catkin_ws/src/intro_tutorial/src/station.cpp:[m[K In function â€˜[01m[Kint main(int, char**)[m[Kâ€™:
[01m[K/home/local/degmat87367/Desktop/ROS-LAB/lab1/catkin_ws/src/intro_tutorial/src/station.cpp:15:19:[m[K [01;31m[Kerror: [m[Kâ€˜[01m[Krobotservice[m[Kâ€™ is not a member of â€˜[01m[Kintro_tutorial[m[Kâ€™
   15 |   intro_tutorial::[01;31m[Krobotservice[m[K srv;
      |                   [01;31m[K^~~~~~~~~~~~[m[K
[01m[K/home/local/degmat87367/Desktop/ROS-LAB/lab1/catkin_ws/src/intro_tutorial/src/station.cpp:16:3:[m[K [01;31m[Kerror: [m[Kâ€˜[01m[Ksrv[m[Kâ€™ was not declared in this scope
   16 |   [01;31m[Ksrv[m[K.station_id = 42;
      |   [01;31m[K^~~[m[K
make[2]: *** [CMakeFiles/station.dir/build.make:63: CMakeFiles/station.dir/src/station.cpp.o] Error 1
make[1]: *** [CMakeFiles/Makefile2:780: CMakeFiles/station.dir/all] Error 2
make: *** [Makefile:141: all] Error 2
