[01m[K/home/local/degmat87367/Desktop/ROS-LAB/lab1/catkin_ws/src/intro_tutorial/src/robot.cpp:3:10:[m[K [01;31m[Kfatal error: [m[Kstd_msgs/Header: No such file or directory
    3 | #include [01;31m[K"std_msgs/Header"[m[K
      |          [01;31m[K^~~~~~~~~~~~~~~~~[m[K
compilation terminated.
make[2]: *** [CMakeFiles/robot.dir/build.make:63: CMakeFiles/robot.dir/src/robot.cpp.o] Error 1
make[1]: *** [CMakeFiles/Makefile2:618: CMakeFiles/robot.dir/all] Error 2
make[1]: *** Waiting for unfinished jobs....
[01m[K/home/local/degmat87367/Desktop/ROS-LAB/lab1/catkin_ws/src/intro_tutorial/src/station.cpp:[m[K In function â€˜[01m[Kint main(int, char**)[m[Kâ€™:
[01m[K/home/local/degmat87367/Desktop/ROS-LAB/lab1/catkin_ws/src/intro_tutorial/src/station.cpp:15:19:[m[K [01;31m[Kerror: [m[Kâ€˜[01m[Krobotservice[m[Kâ€™ is not a member of â€˜[01m[Kintro_tutorial[m[Kâ€™
   15 |   intro_tutorial::[01;31m[Krobotservice[m[K srv;
      |                   [01;31m[K^~~~~~~~~~~~[m[K
[01m[K/home/local/degmat87367/Desktop/ROS-LAB/lab1/catkin_ws/src/intro_tutorial/src/station.cpp:16:3:[m[K [01;31m[Kerror: [m[Kâ€˜[01m[Ksrv[m[Kâ€™ was not declared in this scope
   16 |   [01;31m[Ksrv[m[K.station_id = 42;
      |   [01;31m[K^~~[m[K
make[2]: *** [CMakeFiles/station.dir/build.make:63: CMakeFiles/station.dir/src/station.cpp.o] Error 1
make[1]: *** [CMakeFiles/Makefile2:780: CMakeFiles/station.dir/all] Error 2
make: *** [Makefile:141: all] Error 2
