[01m[K/home/fogliodicarta/Desktop/ROS-LAB/lab1/catkin_ws/src/intro_tutorial/src/robot.cpp:3:26:[m[K [01;31m[Kerror: [m[Kâ€˜[01m[Kintro_tutorial::robotservice[m[Kâ€™ has not been declared
    3 | bool add(intro_tutorial::[01;31m[Krobotservice[m[K::Request &req,
      |                          [01;31m[K^~~~~~~~~~~~[m[K
[01m[K/home/fogliodicarta/Desktop/ROS-LAB/lab1/catkin_ws/src/intro_tutorial/src/robot.cpp:3:49:[m[K [01;31m[Kerror: [m[Kâ€˜[01m[Kreq[m[Kâ€™ was not declared in this scope
    3 | bool add(intro_tutorial::robotservice::Request &[01;31m[Kreq[m[K,
      |                                                 [01;31m[K^~~[m[K
[01m[K/home/fogliodicarta/Desktop/ROS-LAB/lab1/catkin_ws/src/intro_tutorial/src/robot.cpp:4:21:[m[K [01;31m[Kerror: [m[Kâ€˜[01m[Kintro_tutorial::robotservice[m[Kâ€™ has not been declared
    4 |     intro_tutorial::[01;31m[Krobotservice[m[K::Response &res)
      |                     [01;31m[K^~~~~~~~~~~~[m[K
[01m[K/home/fogliodicarta/Desktop/ROS-LAB/lab1/catkin_ws/src/intro_tutorial/src/robot.cpp:4:45:[m[K [01;31m[Kerror: [m[Kâ€˜[01m[Kres[m[Kâ€™ was not declared in this scope; did you mean â€˜[01m[Kros[m[Kâ€™?
    4 |     intro_tutorial::robotservice::Response &[01;31m[Kres[m[K)
      |                                             [01;31m[K^~~[m[K
      |                                             [32m[Kros[m[K
[01m[K/home/fogliodicarta/Desktop/ROS-LAB/lab1/catkin_ws/src/intro_tutorial/src/robot.cpp:4:48:[m[K [01;31m[Kerror: [m[Kexpression list treated as compound expression in initializer [[01;31m[K-fpermissive[m[K]
    4 |     intro_tutorial::robotservice::Response &res[01;31m[K)[m[K
      |                                                [01;31m[K^[m[K
[01m[K/home/fogliodicarta/Desktop/ROS-LAB/lab1/catkin_ws/src/intro_tutorial/src/robot.cpp:[m[K In function â€˜[01m[Kint main(int, char**)[m[Kâ€™:
[01m[K/home/fogliodicarta/Desktop/ROS-LAB/lab1/catkin_ws/src/intro_tutorial/src/robot.cpp:25:41:[m[K [01;31m[Kerror: [m[Kno matching function for call to â€˜[01m[Kros::NodeHandle::advertiseService(const char [11], bool&)[m[Kâ€™
   25 |     n.advertiseService("add_3_ints", add[01;31m[K)[m[K;
      |                                         [01;31m[K^[m[K
In file included from [01m[K/opt/ros/noetic/include/ros/ros.h:45[m[K,
                 from [01m[K/home/fogliodicarta/Desktop/ROS-LAB/lab1/catkin_ws/src/intro_tutorial/src/robot.cpp:1[m[K:
[01m[K/opt/ros/noetic/include/ros/node_handle.h:877:17:[m[K [01;36m[Knote: [m[Kcandidate: â€˜[01m[Ktemplate<class T, class MReq, class MRes> ros::ServiceServer ros::NodeHandle::advertiseService(const string&, bool (T::*)(MReq&, MRes&), T*)[m[Kâ€™
  877 |   ServiceServer [01;36m[KadvertiseService[m[K(const std::string& service, bool(T::*srv_func)(MReq &, MRes &), T *obj)
      |                 [01;36m[K^~~~~~~~~~~~~~~~[m[K
[01m[K/opt/ros/noetic/include/ros/node_handle.h:877:17:[m[K [01;36m[Knote: [m[K  template argument deduction/substitution failed:
[01m[K/home/fogliodicarta/Desktop/ROS-LAB/lab1/catkin_ws/src/intro_tutorial/src/robot.cpp:25:41:[m[K [01;36m[Knote: [m[K  mismatched types â€˜[01m[Kbool (T::*)(MReq&, MRes&)[m[Kâ€™ and â€˜[01m[Kbool[m[Kâ€™
   25 |     n.advertiseService("add_3_ints", add[01;36m[K)[m[K;
      |                                         [01;36m[K^[m[K
In file included from [01m[K/opt/ros/noetic/include/ros/ros.h:45[m[K,
                 from [01m[K/home/fogliodicarta/Desktop/ROS-LAB/lab1/catkin_ws/src/intro_tutorial/src/robot.cpp:1[m[K:
[01m[K/opt/ros/noetic/include/ros/node_handle.h:922:17:[m[K [01;36m[Knote: [m[Kcandidate: â€˜[01m[Ktemplate<class T, class MReq, class MRes> ros::ServiceServer ros::NodeHandle::advertiseService(const string&, bool (T::*)(ros::ServiceEvent<MReq, MRes>&), T*)[m[Kâ€™
  922 |   ServiceServer [01;36m[KadvertiseService[m[K(const std::string& service, bool(T::*srv_func)(ServiceEvent<MReq, MRes>&), T *obj)
      |                 [01;36m[K^~~~~~~~~~~~~~~~[m[K
[01m[K/opt/ros/noetic/include/ros/node_handle.h:922:17:[m[K [01;36m[Knote: [m[K  template argument deduction/substitution failed:
[01m[K/home/fogliodicarta/Desktop/ROS-LAB/lab1/catkin_ws/src/intro_tutorial/src/robot.cpp:25:41:[m[K [01;36m[Knote: [m[K  mismatched types â€˜[01m[Kbool (T::*)(ros::ServiceEvent<MReq, MRes>&)[m[Kâ€™ and â€˜[01m[Kbool[m[Kâ€™
   25 |     n.advertiseService("add_3_ints", add[01;36m[K)[m[K;
      |                                         [01;36m[K^[m[K
In file included from [01m[K/opt/ros/noetic/include/ros/ros.h:45[m[K,
                 from [01m[K/home/fogliodicarta/Desktop/ROS-LAB/lab1/catkin_ws/src/intro_tutorial/src/robot.cpp:1[m[K:
[01m[K/opt/ros/noetic/include/ros/node_handle.h:968:17:[m[K [01;36m[Knote: [m[Kcandidate: â€˜[01m[Ktemplate<class T, class MReq, class MRes> ros::ServiceServer ros::NodeHandle::advertiseService(const string&, bool (T::*)(MReq&, MRes&), const boost::shared_ptr<X>&)[m[Kâ€™
  968 |   ServiceServer [01;36m[KadvertiseService[m[K(const std::string& service, bool(T::*srv_func)(MReq &, MRes &), const boost::shared_ptr<T>& obj)
      |                 [01;36m[K^~~~~~~~~~~~~~~~[m[K
[01m[K/opt/ros/noetic/include/ros/node_handle.h:968:17:[m[K [01;36m[Knote: [m[K  template argument deduction/substitution failed:
[01m[K/home/fogliodicarta/Desktop/ROS-LAB/lab1/catkin_ws/src/intro_tutorial/src/robot.cpp:25:41:[m[K [01;36m[Knote: [m[K  mismatched types â€˜[01m[Kbool (T::*)(MReq&, MRes&)[m[Kâ€™ and â€˜[01m[Kbool[m[Kâ€™
   25 |     n.advertiseService("add_3_ints", add[01;36m[K)[m[K;
      |                                         [01;36m[K^[m[K
In file included from [01m[K/opt/ros/noetic/include/ros/ros.h:45[m[K,
                 from [01m[K/home/fogliodicarta/Desktop/ROS-LAB/lab1/catkin_ws/src/intro_tutorial/src/robot.cpp:1[m[K:
[01m[K/opt/ros/noetic/include/ros/node_handle.h:1015:17:[m[K [01;36m[Knote: [m[Kcandidate: â€˜[01m[Ktemplate<class T, class MReq, class MRes> ros::ServiceServer ros::NodeHandle::advertiseService(const string&, bool (T::*)(ros::ServiceEvent<MReq, MRes>&), const boost::shared_ptr<X>&)[m[Kâ€™
 1015 |   ServiceServer [01;36m[KadvertiseService[m[K(const std::string& service, bool(T::*srv_func)(ServiceEvent<MReq, MRes>&), const boost::shared_ptr<T>& obj)
      |                 [01;36m[K^~~~~~~~~~~~~~~~[m[K
[01m[K/opt/ros/noetic/include/ros/node_handle.h:1015:17:[m[K [01;36m[Knote: [m[K  template argument deduction/substitution failed:
[01m[K/home/fogliodicarta/Desktop/ROS-LAB/lab1/catkin_ws/src/intro_tutorial/src/robot.cpp:25:41:[m[K [01;36m[Knote: [m[K  mismatched types â€˜[01m[Kbool (T::*)(ros::ServiceEvent<MReq, MRes>&)[m[Kâ€™ and â€˜[01m[Kbool[m[Kâ€™
   25 |     n.advertiseService("add_3_ints", add[01;36m[K)[m[K;
      |                                         [01;36m[K^[m[K
In file included from [01m[K/opt/ros/noetic/include/ros/ros.h:45[m[K,
                 from [01m[K/home/fogliodicarta/Desktop/ROS-LAB/lab1/catkin_ws/src/intro_tutorial/src/robot.cpp:1[m[K:
[01m[K/opt/ros/noetic/include/ros/node_handle.h:1059:17:[m[K [01;36m[Knote: [m[Kcandidate: â€˜[01m[Ktemplate<class MReq, class MRes> ros::ServiceServer ros::NodeHandle::advertiseService(const string&, bool (*)(MReq&, MRes&))[m[Kâ€™
 1059 |   ServiceServer [01;36m[KadvertiseService[m[K(const std::string& service, bool(*srv_func)(MReq&, MRes&))
      |                 [01;36m[K^~~~~~~~~~~~~~~~[m[K
[01m[K/opt/ros/noetic/include/ros/node_handle.h:1059:17:[m[K [01;36m[Knote: [m[K  template argument deduction/substitution failed:
[01m[K/home/fogliodicarta/Desktop/ROS-LAB/lab1/catkin_ws/src/intro_tutorial/src/robot.cpp:25:41:[m[K [01;36m[Knote: [m[K  mismatched types â€˜[01m[Kbool (*)(MReq&, MRes&)[m[Kâ€™ and â€˜[01m[Kbool[m[Kâ€™
   25 |     n.advertiseService("add_3_ints", add[01;36m[K)[m[K;
      |                                         [01;36m[K^[m[K
In file included from [01m[K/opt/ros/noetic/include/ros/ros.h:45[m[K,
                 from [01m[K/home/fogliodicarta/Desktop/ROS-LAB/lab1/catkin_ws/src/intro_tutorial/src/robot.cpp:1[m[K:
[01m[K/opt/ros/noetic/include/ros/node_handle.h:1102:17:[m[K [01;36m[Knote: [m[Kcandidate: â€˜[01m[Ktemplate<class MReq, class MRes> ros::ServiceServer ros::NodeHandle::advertiseService(const string&, bool (*)(ros::ServiceEvent<MReq, MRes>&))[m[Kâ€™
 1102 |   ServiceServer [01;36m[KadvertiseService[m[K(const std::string& service, bool(*srv_func)(ServiceEvent<MReq, MRes>&))
      |                 [01;36m[K^~~~~~~~~~~~~~~~[m[K
[01m[K/opt/ros/noetic/include/ros/node_handle.h:1102:17:[m[K [01;36m[Knote: [m[K  template argument deduction/substitution failed:
[01m[K/home/fogliodicarta/Desktop/ROS-LAB/lab1/catkin_ws/src/intro_tutorial/src/robot.cpp:25:41:[m[K [01;36m[Knote: [m[K  mismatched types â€˜[01m[Kbool (*)(ros::ServiceEvent<MReq, MRes>&)[m[Kâ€™ and â€˜[01m[Kbool[m[Kâ€™
   25 |     n.advertiseService("add_3_ints", add[01;36m[K)[m[K;
      |                                         [01;36m[K^[m[K
In file included from [01m[K/opt/ros/noetic/include/ros/ros.h:45[m[K,
                 from [01m[K/home/fogliodicarta/Desktop/ROS-LAB/lab1/catkin_ws/src/intro_tutorial/src/robot.cpp:1[m[K:
[01m[K/opt/ros/noetic/include/ros/node_handle.h:1143:17:[m[K [01;36m[Knote: [m[Kcandidate: â€˜[01m[Ktemplate<class MReq, class MRes> ros::ServiceServer ros::NodeHandle::advertiseService(const string&, const boost::function<bool(MReq&, MRes&)>&, const VoidConstPtr&)[m[Kâ€™
 1143 |   ServiceServer [01;36m[KadvertiseService[m[K(const std::string& service, const boost::function<bool(MReq&, MRes&)>& callback,
      |                 [01;36m[K^~~~~~~~~~~~~~~~[m[K
[01m[K/opt/ros/noetic/include/ros/node_handle.h:1143:17:[m[K [01;36m[Knote: [m[K  template argument deduction/substitution failed:
[01m[K/home/fogliodicarta/Desktop/ROS-LAB/lab1/catkin_ws/src/intro_tutorial/src/robot.cpp:25:41:[m[K [01;36m[Knote: [m[K  mismatched types â€˜[01m[Kconst boost::function<bool(MReq&, MRes&)>[m[Kâ€™ and â€˜[01m[Kbool[m[Kâ€™
   25 |     n.advertiseService("add_3_ints", add[01;36m[K)[m[K;
      |                                         [01;36m[K^[m[K
In file included from [01m[K/opt/ros/noetic/include/ros/ros.h:45[m[K,
                 from [01m[K/home/fogliodicarta/Desktop/ROS-LAB/lab1/catkin_ws/src/intro_tutorial/src/robot.cpp:1[m[K:
[01m[K/opt/ros/noetic/include/ros/node_handle.h:1188:17:[m[K [01;36m[Knote: [m[Kcandidate: â€˜[01m[Ktemplate<class S> ros::ServiceServer ros::NodeHandle::advertiseService(const string&, const boost::function<bool(S&)>&, const VoidConstPtr&)[m[Kâ€™
 1188 |   ServiceServer [01;36m[KadvertiseService[m[K(const std::string& service, const boost::function<bool(S&)>& callback,
      |                 [01;36m[K^~~~~~~~~~~~~~~~[m[K
[01m[K/opt/ros/noetic/include/ros/node_handle.h:1188:17:[m[K [01;36m[Knote: [m[K  template argument deduction/substitution failed:
[01m[K/home/fogliodicarta/Desktop/ROS-LAB/lab1/catkin_ws/src/intro_tutorial/src/robot.cpp:25:41:[m[K [01;36m[Knote: [m[K  mismatched types â€˜[01m[Kconst boost::function<bool(S&)>[m[Kâ€™ and â€˜[01m[Kbool[m[Kâ€™
   25 |     n.advertiseService("add_3_ints", add[01;36m[K)[m[K;
      |                                         [01;36m[K^[m[K
In file included from [01m[K/opt/ros/noetic/include/ros/ros.h:45[m[K,
                 from [01m[K/home/fogliodicarta/Desktop/ROS-LAB/lab1/catkin_ws/src/intro_tutorial/src/robot.cpp:1[m[K:
[01m[K/opt/ros/noetic/include/ros/node_handle.h:1220:17:[m[K [01;36m[Knote: [m[Kcandidate: â€˜[01m[Kros::ServiceServer ros::NodeHandle::advertiseService(ros::AdvertiseServiceOptions&)[m[Kâ€™
 1220 |   ServiceServer [01;36m[KadvertiseService[m[K(AdvertiseServiceOptions& ops);
      |                 [01;36m[K^~~~~~~~~~~~~~~~[m[K
[01m[K/opt/ros/noetic/include/ros/node_handle.h:1220:17:[m[K [01;36m[Knote: [m[K  candidate expects 1 argument, 2 provided
In file included from [01m[K/opt/ros/noetic/include/ros/ros.h:40[m[K,
                 from [01m[K/home/fogliodicarta/Desktop/ROS-LAB/lab1/catkin_ws/src/intro_tutorial/src/example3_a.cpp:1[m[K:
[01m[K/home/fogliodicarta/Desktop/ROS-LAB/lab1/catkin_ws/src/intro_tutorial/src/example3_a.cpp:[m[K In function â€˜[01m[Kbool add(intro_tutorial::srv1::Request&, intro_tutorial::srv1::Response&)[m[Kâ€™:
[01m[K/home/fogliodicarta/Desktop/ROS-LAB/lab1/catkin_ws/src/intro_tutorial/src/example3_a.cpp:9:12:[m[K [01;35m[Kwarning: [m[Kformat â€˜[01m[K%ld[m[Kâ€™ expects argument of type â€˜[01m[Klong int[m[Kâ€™, but argument 8 has type â€˜[01m[Kintro_tutorial::srv1Response_<std::allocator<void> >::_sum_type[m[Kâ€™ {aka â€˜[01m[Kint[m[Kâ€™} [[01;35m[K-Wformat=[m[K]
    9 |   ROS_INFO([01;35m[K"sending back response: [%ld]"[m[K,
      |            [01;35m[K^~~~~~~~~~~~~~~~~~~~~~~~~~~~~~[m[K
   10 |       [32m[K(int)res.sum[m[K);
      |       [32m[K~~~~~~~~~~~~[m[K
      |       [32m[K|[m[K
      |       [32m[Kintro_tutorial::srv1Response_<std::allocator<void> >::_sum_type {aka int}[m[K
[01m[K/opt/ros/noetic/include/ros/console.h:351:165:[m[K [01;36m[Knote: [m[Kin definition of macro â€˜[01m[KROSCONSOLE_PRINT_AT_LOCATION_WITH_FILTER[m[Kâ€™
  351 |     ::ros::console::print(filter, __rosconsole_define_location__loc.logger_, __rosconsole_define_location__loc.level_, __FILE__, __LINE__, __ROSCONSOLE_FUNCTION__, [01;36m[K__VA_ARGS__[m[K)
      |                                                                                                                                                                     [01;36m[K^~~~~~~~~~~[m[K
[01m[K/opt/ros/noetic/include/ros/console.h:390:7:[m[K [01;36m[Knote: [m[Kin expansion of macro â€˜[01m[KROSCONSOLE_PRINT_AT_LOCATION[m[Kâ€™
  390 |       [01;36m[KROSCONSOLE_PRINT_AT_LOCATION[m[K(__VA_ARGS__); \
      |       [01;36m[K^~~~~~~~~~~~~~~~~~~~~~~~~~~~[m[K
[01m[K/opt/ros/noetic/include/ros/console.h:575:35:[m[K [01;36m[Knote: [m[Kin expansion of macro â€˜[01m[KROS_LOG_COND[m[Kâ€™
  575 | #define ROS_LOG(level, name, ...) [01;36m[KROS_LOG_COND[m[K(true, level, name, __VA_ARGS__)
      |                                   [01;36m[K^~~~~~~~~~~~[m[K
[01m[K/opt/ros/noetic/include/rosconsole/macros_generated.h:110:23:[m[K [01;36m[Knote: [m[Kin expansion of macro â€˜[01m[KROS_LOG[m[Kâ€™
  110 | #define ROS_INFO(...) [01;36m[KROS_LOG[m[K(::ros::console::levels::Info, ROSCONSOLE_DEFAULT_NAME, __VA_ARGS__)
      |                       [01;36m[K^~~~~~~[m[K
[01m[K/home/fogliodicarta/Desktop/ROS-LAB/lab1/catkin_ws/src/intro_tutorial/src/example3_a.cpp:9:3:[m[K [01;36m[Knote: [m[Kin expansion of macro â€˜[01m[KROS_INFO[m[Kâ€™
    9 |   [01;36m[KROS_INFO[m[K("sending back response: [%ld]",
      |   [01;36m[K^~~~~~~~[m[K
[01m[K/home/fogliodicarta/Desktop/ROS-LAB/lab1/catkin_ws/src/intro_tutorial/src/example3_a.cpp:9:39:[m[K [01;36m[Knote: [m[Kformat string is defined here
    9 |   ROS_INFO("sending back response: [[01;36m[K%ld[m[K]",
      |                                     [01;36m[K~~^[m[K
      |                                       [01;36m[K|[m[K
      |                                       [01;36m[Klong int[m[K
      |                                     [32m[K%d[m[K
[01m[K/home/fogliodicarta/Desktop/ROS-LAB/lab1/catkin_ws/src/intro_tutorial/src/station.cpp:[m[K In function â€˜[01m[Kint main(int, char**)[m[Kâ€™:
[01m[K/home/fogliodicarta/Desktop/ROS-LAB/lab1/catkin_ws/src/intro_tutorial/src/station.cpp:15:19:[m[K [01;31m[Kerror: [m[Kâ€˜[01m[Krobotservice[m[Kâ€™ is not a member of â€˜[01m[Kintro_tutorial[m[Kâ€™
   15 |   intro_tutorial::[01;31m[Krobotservice[m[K srv;
      |                   [01;31m[K^~~~~~~~~~~~[m[K
[01m[K/home/fogliodicarta/Desktop/ROS-LAB/lab1/catkin_ws/src/intro_tutorial/src/station.cpp:16:3:[m[K [01;31m[Kerror: [m[Kâ€˜[01m[Ksrv[m[Kâ€™ was not declared in this scope
   16 |   [01;31m[Ksrv[m[K.station_id = 42;
      |   [01;31m[K^~~[m[K
make[2]: *** [CMakeFiles/robot.dir/build.make:63: CMakeFiles/robot.dir/src/robot.cpp.o] Error 1
make[1]: *** [CMakeFiles/Makefile2:618: CMakeFiles/robot.dir/all] Error 2
make[1]: *** Waiting for unfinished jobs....
make[2]: *** [CMakeFiles/station.dir/build.make:63: CMakeFiles/station.dir/src/station.cpp.o] Error 1
make[1]: *** [CMakeFiles/Makefile2:780: CMakeFiles/station.dir/all] Error 2
make: *** [Makefile:141: all] Error 2
