[01m[K/home/fogliodicarta/Desktop/ROS-LAB/lab1/catkin_ws/src/intro_tutorial/src/station.cpp:[m[K In function â€˜[01m[Kint main(int, char**)[m[Kâ€™:
[01m[K/home/fogliodicarta/Desktop/ROS-LAB/lab1/catkin_ws/src/intro_tutorial/src/station.cpp:17:7:[m[K [01;31m[Kerror: [m[Kâ€˜[01m[Kstruct intro_tutorial::robotservice[m[Kâ€™ has no member named â€˜[01m[Kstation_id[m[Kâ€™
   17 |   srv.[01;31m[Kstation_id[m[K = 42;
      |       [01;31m[K^~~~~~~~~~[m[K
[01m[K/home/fogliodicarta/Desktop/ROS-LAB/lab1/catkin_ws/src/intro_tutorial/src/robot.cpp:[m[K In function â€˜[01m[Kbool add(intro_tutorial::robotservice::Request&, intro_tutorial::robotservice::Response&)[m[Kâ€™:
[01m[K/home/fogliodicarta/Desktop/ROS-LAB/lab1/catkin_ws/src/intro_tutorial/src/robot.cpp:8:15:[m[K [01;31m[Kerror: [m[Kâ€˜[01m[Krandom_device[m[Kâ€™ was not declared in this scope; did you mean â€˜[01m[Krandom_data[m[Kâ€™?
    8 | res.room_id = [01;31m[Krandom_device[m[K rd;
      |               [01;31m[K^~~~~~~~~~~~~[m[K
      |               [32m[Krandom_data[m[K
[01m[K/home/fogliodicarta/Desktop/ROS-LAB/lab1/catkin_ws/src/intro_tutorial/src/robot.cpp:9:5:[m[K [01;31m[Kerror: [m[Kâ€˜[01m[Kmt19937[m[Kâ€™ was not declared in this scope
    9 |     [01;31m[Kmt19937[m[K gen(rd());
      |     [01;31m[K^~~~~~~[m[K
[01m[K/home/fogliodicarta/Desktop/ROS-LAB/lab1/catkin_ws/src/intro_tutorial/src/robot.cpp:10:5:[m[K [01;31m[Kerror: [m[Kâ€˜[01m[Kuniform_int_distribution[m[Kâ€™ was not declared in this scope; did you mean â€˜[01m[Kstd::uniform_int_distribution[m[Kâ€™?
   10 |     [01;31m[Kuniform_int_distribution[m[K<> distrib(0, 20);
      |     [01;31m[K^~~~~~~~~~~~~~~~~~~~~~~~[m[K
      |     [32m[Kstd::uniform_int_distribution[m[K
In file included from [01m[K/usr/include/c++/9/bits/stl_algo.h:66[m[K,
                 from [01m[K/usr/include/c++/9/algorithm:62[m[K,
                 from [01m[K/usr/include/boost/math/tools/config.hpp:18[m[K,
                 from [01m[K/usr/include/boost/math/special_functions/round.hpp:13[m[K,
                 from [01m[K/opt/ros/noetic/include/ros/time.h:58[m[K,
                 from [01m[K/opt/ros/noetic/include/ros/ros.h:38[m[K,
                 from [01m[K/home/fogliodicarta/Desktop/ROS-LAB/lab1/catkin_ws/src/intro_tutorial/src/robot.cpp:1[m[K:
[01m[K/usr/include/c++/9/bits/uniform_int_dist.h:58:11:[m[K [01;36m[Knote: [m[Kâ€˜[01m[Kstd::uniform_int_distribution[m[Kâ€™ declared here
   58 |     class [01;36m[Kuniform_int_distribution[m[K
      |           [01;36m[K^~~~~~~~~~~~~~~~~~~~~~~~[m[K
[01m[K/home/fogliodicarta/Desktop/ROS-LAB/lab1/catkin_ws/src/intro_tutorial/src/robot.cpp:10:30:[m[K [01;31m[Kerror: [m[Kexpected primary-expression before â€˜[01m[K>[m[Kâ€™ token
   10 |     uniform_int_distribution<[01;31m[K>[m[K distrib(0, 20);
      |                              [01;31m[K^[m[K
[01m[K/home/fogliodicarta/Desktop/ROS-LAB/lab1/catkin_ws/src/intro_tutorial/src/robot.cpp:10:32:[m[K [01;31m[Kerror: [m[Kâ€˜[01m[Kdistrib[m[Kâ€™ was not declared in this scope
   10 |     uniform_int_distribution<> [01;31m[Kdistrib[m[K(0, 20);
      |                                [01;31m[K^~~~~~~[m[K
[01m[K/home/fogliodicarta/Desktop/ROS-LAB/lab1/catkin_ws/src/intro_tutorial/src/robot.cpp:13:31:[m[K [01;31m[Kerror: [m[Kâ€˜[01m[Kgen[m[Kâ€™ was not declared in this scope
   13 |     int randomValue = distrib([01;31m[Kgen[m[K);
      |                               [01;31m[K^~~[m[K
[01m[K/home/fogliodicarta/Desktop/ROS-LAB/lab1/catkin_ws/src/intro_tutorial/src/robot.cpp:15:16:[m[K [01;31m[Kerror: [m[Kâ€˜[01m[Kintro_tutorial::robotservice::Request[m[Kâ€™ {aka â€˜[01m[Kstruct intro_tutorial::robotserviceRequest_<std::allocator<void> >[m[Kâ€™} has no member named â€˜[01m[KB[m[Kâ€™
   15 |       (int)req.[01;31m[KB[m[K, (int)req.C);
      |                [01;31m[K^[m[K
[01m[K/home/fogliodicarta/Desktop/ROS-LAB/lab1/catkin_ws/src/intro_tutorial/src/robot.cpp:15:28:[m[K [01;31m[Kerror: [m[Kâ€˜[01m[Kintro_tutorial::robotservice::Request[m[Kâ€™ {aka â€˜[01m[Kstruct intro_tutorial::robotserviceRequest_<std::allocator<void> >[m[Kâ€™} has no member named â€˜[01m[KC[m[Kâ€™
   15 |       (int)req.B, (int)req.[01;31m[KC[m[K);
      |                            [01;31m[K^[m[K
In file included from [01m[K/opt/ros/noetic/include/ros/ros.h:40[m[K,
                 from [01m[K/home/fogliodicarta/Desktop/ROS-LAB/lab1/catkin_ws/src/intro_tutorial/src/robot.cpp:1[m[K:
[01m[K/home/fogliodicarta/Desktop/ROS-LAB/lab1/catkin_ws/src/intro_tutorial/src/robot.cpp:16:12:[m[K [01;35m[Kwarning: [m[Kformat â€˜[01m[K%ld[m[Kâ€™ expects argument of type â€˜[01m[Klong int[m[Kâ€™, but argument 8 has type â€˜[01m[Kintro_tutorial::robotserviceResponse_<std::allocator<void> >::_room_id_type[m[Kâ€™ {aka â€˜[01m[Kint[m[Kâ€™} [[01;35m[K-Wformat=[m[K]
   16 |   ROS_INFO([01;35m[K"sending back response: [%ld]"[m[K,
      |            [01;35m[K^~~~~~~~~~~~~~~~~~~~~~~~~~~~~~[m[K
   17 |       [32m[K(int)res.room_id[m[K);
      |       [32m[K~~~~~~~~~~~~~~~~[m[K
      |       [32m[K|[m[K
      |       [32m[Kintro_tutorial::robotserviceResponse_<std::allocator<void> >::_room_id_type {aka int}[m[K
[01m[K/opt/ros/noetic/include/ros/console.h:351:165:[m[K [01;36m[Knote: [m[Kin definition of macro â€˜[01m[KROSCONSOLE_PRINT_AT_LOCATION_WITH_FILTER[m[Kâ€™
  351 |     ::ros::console::print(filter, __rosconsole_define_location__loc.logger_, __rosconsole_define_location__loc.level_, __FILE__, __LINE__, __ROSCONSOLE_FUNCTION__, [01;36m[K__VA_ARGS__[m[K)
      |                                                                                                                                                                     [01;36m[K^~~~~~~~~~~[m[K
[01m[K/opt/ros/noetic/include/ros/console.h:390:7:[m[K [01;36m[Knote: [m[Kin expansion of macro â€˜[01m[KROSCONSOLE_PRINT_AT_LOCATION[m[Kâ€™
  390 |       [01;36m[KROSCONSOLE_PRINT_AT_LOCATION[m[K(__VA_ARGS__); \
      |       [01;36m[K^~~~~~~~~~~~~~~~~~~~~~~~~~~~[m[K
[01m[K/opt/ros/noetic/include/ros/console.h:575:35:[m[K [01;36m[Knote: [m[Kin expansion of macro â€˜[01m[KROS_LOG_COND[m[Kâ€™
  575 | #define ROS_LOG(level, name, ...) [01;36m[KROS_LOG_COND[m[K(true, level, name, __VA_ARGS__)
      |                                   [01;36m[K^~~~~~~~~~~~[m[K
[01m[K/opt/ros/noetic/include/rosconsole/macros_generated.h:110:23:[m[K [01;36m[Knote: [m[Kin expansion of macro â€˜[01m[KROS_LOG[m[Kâ€™
  110 | #define ROS_INFO(...) [01;36m[KROS_LOG[m[K(::ros::console::levels::Info, ROSCONSOLE_DEFAULT_NAME, __VA_ARGS__)
      |                       [01;36m[K^~~~~~~[m[K
[01m[K/home/fogliodicarta/Desktop/ROS-LAB/lab1/catkin_ws/src/intro_tutorial/src/robot.cpp:16:3:[m[K [01;36m[Knote: [m[Kin expansion of macro â€˜[01m[KROS_INFO[m[Kâ€™
   16 |   [01;36m[KROS_INFO[m[K("sending back response: [%ld]",
      |   [01;36m[K^~~~~~~~[m[K
[01m[K/home/fogliodicarta/Desktop/ROS-LAB/lab1/catkin_ws/src/intro_tutorial/src/robot.cpp:16:39:[m[K [01;36m[Knote: [m[Kformat string is defined here
   16 |   ROS_INFO("sending back response: [[01;36m[K%ld[m[K]",
      |                                     [01;36m[K~~^[m[K
      |                                       [01;36m[K|[m[K
      |                                       [01;36m[Klong int[m[K
      |                                     [32m[K%d[m[K
make[2]: *** [CMakeFiles/station.dir/build.make:63: CMakeFiles/station.dir/src/station.cpp.o] Error 1
make[1]: *** [CMakeFiles/Makefile2:780: CMakeFiles/station.dir/all] Error 2
make[1]: *** Waiting for unfinished jobs....
make[2]: *** [CMakeFiles/robot.dir/build.make:63: CMakeFiles/robot.dir/src/robot.cpp.o] Error 1
make[1]: *** [CMakeFiles/Makefile2:618: CMakeFiles/robot.dir/all] Error 2
make: *** [Makefile:141: all] Error 2
